{"/Users/marialclark/Desktop/Coding/Units_31-40/37/37.2/exercise/_test-common.js": {"path":"/Users/marialclark/Desktop/Coding/Units_31-40/37/37.2/exercise/_test-common.js","statementMap":{"0":{"start":{"line":2,"column":11},"end":{"line":2,"column":26}},"1":{"start":{"line":6,"column":1},"end":{"line":6,"column":40}},"2":{"start":{"line":7,"column":1},"end":{"line":7,"column":41}},"3":{"start":{"line":8,"column":1},"end":{"line":8,"column":42}},"4":{"start":{"line":9,"column":1},"end":{"line":9,"column":50}},"5":{"start":{"line":10,"column":1},"end":{"line":10,"column":62}},"6":{"start":{"line":13,"column":1},"end":{"line":18,"column":5}},"7":{"start":{"line":21,"column":1},"end":{"line":27,"column":5}},"8":{"start":{"line":30,"column":1},"end":{"line":35,"column":5}},"9":{"start":{"line":38,"column":1},"end":{"line":44,"column":5}},"10":{"start":{"line":47,"column":0},"end":{"line":47,"column":32}}},"fnMap":{"0":{"name":"createData","decl":{"start":{"line":4,"column":15},"end":{"line":4,"column":25}},"loc":{"start":{"line":4,"column":28},"end":{"line":45,"column":1}},"line":4}},"branchMap":{},"s":{"0":3,"1":23,"2":23,"3":23,"4":23,"5":23,"6":23,"7":15,"8":15,"9":15,"10":3},"f":{"0":23},"b":{},"_coverageSchema":"1a1c01bbd47fc00a2c39e90264f33305004495a9","hash":"50c5bf028008d2550999578c12f8aea9b382c1ba"}
,"/Users/marialclark/Desktop/Coding/Units_31-40/37/37.2/exercise/app.js": {"path":"/Users/marialclark/Desktop/Coding/Units_31-40/37/37.2/exercise/app.js","statementMap":{"0":{"start":{"line":2,"column":16},"end":{"line":2,"column":34}},"1":{"start":{"line":3,"column":21},"end":{"line":3,"column":46}},"2":{"start":{"line":4,"column":24},"end":{"line":4,"column":53}},"3":{"start":{"line":5,"column":23},"end":{"line":5,"column":51}},"4":{"start":{"line":6,"column":25},"end":{"line":6,"column":55}},"5":{"start":{"line":8,"column":12},"end":{"line":8,"column":21}},"6":{"start":{"line":10,"column":0},"end":{"line":10,"column":24}},"7":{"start":{"line":11,"column":0},"end":{"line":11,"column":39}},"8":{"start":{"line":12,"column":0},"end":{"line":12,"column":37}},"9":{"start":{"line":13,"column":0},"end":{"line":13,"column":41}},"10":{"start":{"line":16,"column":0},"end":{"line":19,"column":3}},"11":{"start":{"line":17,"column":13},"end":{"line":17,"column":47}},"12":{"start":{"line":18,"column":1},"end":{"line":18,"column":18}},"13":{"start":{"line":22,"column":0},"end":{"line":29,"column":3}},"14":{"start":{"line":23,"column":1},"end":{"line":23,"column":31}},"15":{"start":{"line":25,"column":1},"end":{"line":28,"column":4}},"16":{"start":{"line":31,"column":0},"end":{"line":31,"column":21}}},"fnMap":{"0":{"name":"(anonymous_0)","decl":{"start":{"line":16,"column":8},"end":{"line":16,"column":9}},"loc":{"start":{"line":16,"column":34},"end":{"line":19,"column":1}},"line":16},"1":{"name":"(anonymous_1)","decl":{"start":{"line":22,"column":8},"end":{"line":22,"column":9}},"loc":{"start":{"line":22,"column":33},"end":{"line":29,"column":1}},"line":22}},"branchMap":{"0":{"loc":{"start":{"line":23,"column":12},"end":{"line":23,"column":29}},"type":"binary-expr","locations":[{"start":{"line":23,"column":12},"end":{"line":23,"column":22}},{"start":{"line":23,"column":26},"end":{"line":23,"column":29}}],"line":23}},"s":{"0":3,"1":3,"2":3,"3":3,"4":3,"5":3,"6":3,"7":3,"8":3,"9":3,"10":3,"11":0,"12":0,"13":3,"14":6,"15":6,"16":3},"f":{"0":0,"1":6},"b":{"0":[6,3]},"_coverageSchema":"1a1c01bbd47fc00a2c39e90264f33305004495a9","hash":"ca2696662d0d0da055aa0a23733726139f6ab4d8"}
,"/Users/marialclark/Desktop/Coding/Units_31-40/37/37.2/exercise/db.js": {"path":"/Users/marialclark/Desktop/Coding/Units_31-40/37/37.2/exercise/db.js","statementMap":{"0":{"start":{"line":1,"column":19},"end":{"line":1,"column":32}},"1":{"start":{"line":5,"column":1},"end":{"line":7,"column":27}},"2":{"start":{"line":9,"column":11},"end":{"line":11,"column":2}},"3":{"start":{"line":13,"column":0},"end":{"line":13,"column":13}},"4":{"start":{"line":15,"column":0},"end":{"line":15,"column":20}}},"fnMap":{},"branchMap":{"0":{"loc":{"start":{"line":5,"column":1},"end":{"line":7,"column":27}},"type":"cond-expr","locations":[{"start":{"line":6,"column":4},"end":{"line":6,"column":32}},{"start":{"line":7,"column":4},"end":{"line":7,"column":27}}],"line":5}},"s":{"0":3,"1":3,"2":3,"3":3,"4":3},"f":{},"b":{"0":[3,0]},"_coverageSchema":"1a1c01bbd47fc00a2c39e90264f33305004495a9","hash":"32e6616de46dfabb2de7acc62711a6dc3495a520"}
,"/Users/marialclark/Desktop/Coding/Units_31-40/37/37.2/exercise/expressError.js": {"path":"/Users/marialclark/Desktop/Coding/Units_31-40/37/37.2/exercise/expressError.js","statementMap":{"0":{"start":{"line":9,"column":2},"end":{"line":9,"column":10}},"1":{"start":{"line":10,"column":2},"end":{"line":10,"column":25}},"2":{"start":{"line":11,"column":2},"end":{"line":11,"column":23}},"3":{"start":{"line":12,"column":2},"end":{"line":12,"column":28}},"4":{"start":{"line":16,"column":0},"end":{"line":16,"column":30}}},"fnMap":{"0":{"name":"(anonymous_0)","decl":{"start":{"line":8,"column":1},"end":{"line":8,"column":2}},"loc":{"start":{"line":8,"column":30},"end":{"line":13,"column":2}},"line":8}},"branchMap":{},"s":{"0":3,"1":3,"2":3,"3":3,"4":3},"f":{"0":3},"b":{},"_coverageSchema":"1a1c01bbd47fc00a2c39e90264f33305004495a9","hash":"d15dfa4ae405ae52e82bc16b7871ebcf60db2a70"}
,"/Users/marialclark/Desktop/Coding/Units_31-40/37/37.2/exercise/routes/companies.js": {"path":"/Users/marialclark/Desktop/Coding/Units_31-40/37/37.2/exercise/routes/companies.js","statementMap":{"0":{"start":{"line":1,"column":16},"end":{"line":1,"column":34}},"1":{"start":{"line":2,"column":16},"end":{"line":2,"column":34}},"2":{"start":{"line":3,"column":21},"end":{"line":3,"column":47}},"3":{"start":{"line":4,"column":11},"end":{"line":4,"column":27}},"4":{"start":{"line":6,"column":13},"end":{"line":6,"column":33}},"5":{"start":{"line":9,"column":0},"end":{"line":16,"column":3}},"6":{"start":{"line":10,"column":1},"end":{"line":15,"column":2}},"7":{"start":{"line":11,"column":18},"end":{"line":11,"column":68}},"8":{"start":{"line":12,"column":2},"end":{"line":12,"column":47}},"9":{"start":{"line":14,"column":2},"end":{"line":14,"column":17}},"10":{"start":{"line":22,"column":0},"end":{"line":53,"column":3}},"11":{"start":{"line":23,"column":1},"end":{"line":52,"column":2}},"12":{"start":{"line":24,"column":17},"end":{"line":24,"column":27}},"13":{"start":{"line":26,"column":18},"end":{"line":39,"column":3}},"14":{"start":{"line":41,"column":2},"end":{"line":46,"column":3}},"15":{"start":{"line":42,"column":3},"end":{"line":45,"column":5}},"16":{"start":{"line":48,"column":18},"end":{"line":48,"column":33}},"17":{"start":{"line":49,"column":2},"end":{"line":49,"column":31}},"18":{"start":{"line":51,"column":2},"end":{"line":51,"column":17}},"19":{"start":{"line":56,"column":0},"end":{"line":71,"column":3}},"20":{"start":{"line":57,"column":1},"end":{"line":70,"column":2}},"21":{"start":{"line":58,"column":32},"end":{"line":58,"column":40}},"22":{"start":{"line":59,"column":15},"end":{"line":59,"column":64}},"23":{"start":{"line":61,"column":18},"end":{"line":66,"column":3}},"24":{"start":{"line":67,"column":2},"end":{"line":67,"column":60}},"25":{"start":{"line":69,"column":2},"end":{"line":69,"column":17}},"26":{"start":{"line":77,"column":0},"end":{"line":98,"column":3}},"27":{"start":{"line":78,"column":1},"end":{"line":97,"column":2}},"28":{"start":{"line":79,"column":19},"end":{"line":79,"column":29}},"29":{"start":{"line":80,"column":32},"end":{"line":80,"column":40}},"30":{"start":{"line":81,"column":18},"end":{"line":87,"column":3}},"31":{"start":{"line":88,"column":2},"end":{"line":93,"column":3}},"32":{"start":{"line":89,"column":3},"end":{"line":92,"column":5}},"33":{"start":{"line":94,"column":2},"end":{"line":94,"column":48}},"34":{"start":{"line":96,"column":2},"end":{"line":96,"column":17}},"35":{"start":{"line":104,"column":0},"end":{"line":122,"column":3}},"36":{"start":{"line":105,"column":1},"end":{"line":121,"column":2}},"37":{"start":{"line":106,"column":19},"end":{"line":106,"column":29}},"38":{"start":{"line":108,"column":18},"end":{"line":111,"column":3}},"39":{"start":{"line":112,"column":2},"end":{"line":117,"column":3}},"40":{"start":{"line":113,"column":3},"end":{"line":116,"column":5}},"41":{"start":{"line":118,"column":2},"end":{"line":118,"column":41}},"42":{"start":{"line":120,"column":2},"end":{"line":120,"column":17}},"43":{"start":{"line":124,"column":0},"end":{"line":124,"column":24}}},"fnMap":{"0":{"name":"(anonymous_0)","decl":{"start":{"line":9,"column":16},"end":{"line":9,"column":17}},"loc":{"start":{"line":9,"column":42},"end":{"line":16,"column":1}},"line":9},"1":{"name":"(anonymous_1)","decl":{"start":{"line":22,"column":21},"end":{"line":22,"column":22}},"loc":{"start":{"line":22,"column":47},"end":{"line":53,"column":1}},"line":22},"2":{"name":"(anonymous_2)","decl":{"start":{"line":56,"column":17},"end":{"line":56,"column":18}},"loc":{"start":{"line":56,"column":43},"end":{"line":71,"column":1}},"line":56},"3":{"name":"(anonymous_3)","decl":{"start":{"line":77,"column":21},"end":{"line":77,"column":22}},"loc":{"start":{"line":77,"column":47},"end":{"line":98,"column":1}},"line":77},"4":{"name":"(anonymous_4)","decl":{"start":{"line":104,"column":24},"end":{"line":104,"column":25}},"loc":{"start":{"line":104,"column":50},"end":{"line":122,"column":1}},"line":104}},"branchMap":{"0":{"loc":{"start":{"line":41,"column":2},"end":{"line":46,"column":3}},"type":"if","locations":[{"start":{"line":41,"column":2},"end":{"line":46,"column":3}},{"start":{},"end":{}}],"line":41},"1":{"loc":{"start":{"line":88,"column":2},"end":{"line":93,"column":3}},"type":"if","locations":[{"start":{"line":88,"column":2},"end":{"line":93,"column":3}},{"start":{},"end":{}}],"line":88},"2":{"loc":{"start":{"line":112,"column":2},"end":{"line":117,"column":3}},"type":"if","locations":[{"start":{"line":112,"column":2},"end":{"line":117,"column":3}},{"start":{},"end":{}}],"line":112}},"s":{"0":3,"1":3,"2":3,"3":3,"4":3,"5":3,"6":0,"7":0,"8":0,"9":0,"10":3,"11":1,"12":1,"13":1,"14":1,"15":0,"16":1,"17":1,"18":0,"19":3,"20":1,"21":1,"22":1,"23":1,"24":1,"25":0,"26":3,"27":2,"28":2,"29":2,"30":2,"31":1,"32":1,"33":0,"34":2,"35":3,"36":2,"37":2,"38":2,"39":2,"40":1,"41":1,"42":1,"43":3},"f":{"0":0,"1":1,"2":1,"3":2,"4":2},"b":{"0":[0,1],"1":[1,0],"2":[1,1]},"_coverageSchema":"1a1c01bbd47fc00a2c39e90264f33305004495a9","hash":"3f6f1f67e3f4539d14b3b0ebb25e3dc499be3fa5"}
,"/Users/marialclark/Desktop/Coding/Units_31-40/37/37.2/exercise/routes/industries.js": {"path":"/Users/marialclark/Desktop/Coding/Units_31-40/37/37.2/exercise/routes/industries.js","statementMap":{"0":{"start":{"line":1,"column":16},"end":{"line":1,"column":34}},"1":{"start":{"line":2,"column":21},"end":{"line":2,"column":47}},"2":{"start":{"line":3,"column":11},"end":{"line":3,"column":27}},"3":{"start":{"line":5,"column":13},"end":{"line":5,"column":33}},"4":{"start":{"line":8,"column":0},"end":{"line":21,"column":3}},"5":{"start":{"line":9,"column":1},"end":{"line":20,"column":2}},"6":{"start":{"line":10,"column":18},"end":{"line":16,"column":3}},"7":{"start":{"line":17,"column":2},"end":{"line":17,"column":48}},"8":{"start":{"line":19,"column":2},"end":{"line":19,"column":17}},"9":{"start":{"line":24,"column":0},"end":{"line":37,"column":3}},"10":{"start":{"line":25,"column":1},"end":{"line":36,"column":2}},"11":{"start":{"line":26,"column":29},"end":{"line":26,"column":37}},"12":{"start":{"line":27,"column":18},"end":{"line":32,"column":3}},"13":{"start":{"line":33,"column":2},"end":{"line":33,"column":61}},"14":{"start":{"line":35,"column":2},"end":{"line":35,"column":17}},"15":{"start":{"line":41,"column":0},"end":{"line":54,"column":3}},"16":{"start":{"line":42,"column":2},"end":{"line":53,"column":3}},"17":{"start":{"line":43,"column":20},"end":{"line":43,"column":30}},"18":{"start":{"line":44,"column":29},"end":{"line":44,"column":37}},"19":{"start":{"line":45,"column":4},"end":{"line":49,"column":6}},"20":{"start":{"line":50,"column":4},"end":{"line":50,"column":53}},"21":{"start":{"line":52,"column":4},"end":{"line":52,"column":19}},"22":{"start":{"line":56,"column":0},"end":{"line":56,"column":24}}},"fnMap":{"0":{"name":"(anonymous_0)","decl":{"start":{"line":8,"column":16},"end":{"line":8,"column":17}},"loc":{"start":{"line":8,"column":42},"end":{"line":21,"column":1}},"line":8},"1":{"name":"(anonymous_1)","decl":{"start":{"line":24,"column":17},"end":{"line":24,"column":18}},"loc":{"start":{"line":24,"column":43},"end":{"line":37,"column":1}},"line":24},"2":{"name":"(anonymous_2)","decl":{"start":{"line":41,"column":32},"end":{"line":41,"column":33}},"loc":{"start":{"line":41,"column":58},"end":{"line":54,"column":1}},"line":41}},"branchMap":{},"s":{"0":3,"1":3,"2":3,"3":3,"4":3,"5":0,"6":0,"7":0,"8":0,"9":3,"10":0,"11":0,"12":0,"13":0,"14":0,"15":3,"16":0,"17":0,"18":0,"19":0,"20":0,"21":0,"22":3},"f":{"0":0,"1":0,"2":0},"b":{},"_coverageSchema":"1a1c01bbd47fc00a2c39e90264f33305004495a9","hash":"fb72a2f844dfaaa6615132ecc636521da0ae9794"}
,"/Users/marialclark/Desktop/Coding/Units_31-40/37/37.2/exercise/routes/invoices.js": {"path":"/Users/marialclark/Desktop/Coding/Units_31-40/37/37.2/exercise/routes/invoices.js","statementMap":{"0":{"start":{"line":1,"column":16},"end":{"line":1,"column":34}},"1":{"start":{"line":2,"column":21},"end":{"line":2,"column":47}},"2":{"start":{"line":3,"column":11},"end":{"line":3,"column":27}},"3":{"start":{"line":5,"column":13},"end":{"line":5,"column":33}},"4":{"start":{"line":8,"column":0},"end":{"line":17,"column":3}},"5":{"start":{"line":9,"column":1},"end":{"line":16,"column":2}},"6":{"start":{"line":10,"column":18},"end":{"line":12,"column":3}},"7":{"start":{"line":13,"column":2},"end":{"line":13,"column":46}},"8":{"start":{"line":15,"column":2},"end":{"line":15,"column":17}},"9":{"start":{"line":23,"column":0},"end":{"line":62,"column":3}},"10":{"start":{"line":24,"column":1},"end":{"line":61,"column":2}},"11":{"start":{"line":25,"column":15},"end":{"line":25,"column":25}},"12":{"start":{"line":26,"column":18},"end":{"line":39,"column":3}},"13":{"start":{"line":41,"column":2},"end":{"line":43,"column":3}},"14":{"start":{"line":42,"column":3},"end":{"line":42,"column":74}},"15":{"start":{"line":45,"column":15},"end":{"line":45,"column":30}},"16":{"start":{"line":46,"column":18},"end":{"line":57,"column":3}},"17":{"start":{"line":58,"column":2},"end":{"line":58,"column":31}},"18":{"start":{"line":60,"column":2},"end":{"line":60,"column":17}},"19":{"start":{"line":65,"column":0},"end":{"line":78,"column":3}},"20":{"start":{"line":66,"column":1},"end":{"line":77,"column":2}},"21":{"start":{"line":67,"column":29},"end":{"line":67,"column":37}},"22":{"start":{"line":68,"column":18},"end":{"line":73,"column":3}},"23":{"start":{"line":74,"column":2},"end":{"line":74,"column":60}},"24":{"start":{"line":76,"column":2},"end":{"line":76,"column":17}},"25":{"start":{"line":84,"column":0},"end":{"line":119,"column":3}},"26":{"start":{"line":85,"column":1},"end":{"line":118,"column":2}},"27":{"start":{"line":86,"column":17},"end":{"line":86,"column":27}},"28":{"start":{"line":87,"column":24},"end":{"line":87,"column":32}},"29":{"start":{"line":89,"column":23},"end":{"line":92,"column":3}},"30":{"start":{"line":94,"column":2},"end":{"line":96,"column":3}},"31":{"start":{"line":95,"column":3},"end":{"line":95,"column":74}},"32":{"start":{"line":98,"column":17},"end":{"line":98,"column":21}},"33":{"start":{"line":99,"column":2},"end":{"line":105,"column":3}},"34":{"start":{"line":100,"column":3},"end":{"line":100,"column":25}},"35":{"start":{"line":101,"column":9},"end":{"line":105,"column":3}},"36":{"start":{"line":102,"column":3},"end":{"line":102,"column":19}},"37":{"start":{"line":104,"column":3},"end":{"line":104,"column":45}},"38":{"start":{"line":107,"column":18},"end":{"line":113,"column":3}},"39":{"start":{"line":115,"column":2},"end":{"line":115,"column":48}},"40":{"start":{"line":117,"column":2},"end":{"line":117,"column":17}},"41":{"start":{"line":125,"column":0},"end":{"line":140,"column":3}},"42":{"start":{"line":126,"column":1},"end":{"line":139,"column":2}},"43":{"start":{"line":127,"column":17},"end":{"line":127,"column":27}},"44":{"start":{"line":129,"column":18},"end":{"line":132,"column":3}},"45":{"start":{"line":133,"column":2},"end":{"line":135,"column":3}},"46":{"start":{"line":134,"column":3},"end":{"line":134,"column":74}},"47":{"start":{"line":136,"column":2},"end":{"line":136,"column":41}},"48":{"start":{"line":138,"column":2},"end":{"line":138,"column":17}},"49":{"start":{"line":142,"column":0},"end":{"line":142,"column":24}}},"fnMap":{"0":{"name":"(anonymous_0)","decl":{"start":{"line":8,"column":16},"end":{"line":8,"column":17}},"loc":{"start":{"line":8,"column":42},"end":{"line":17,"column":1}},"line":8},"1":{"name":"(anonymous_1)","decl":{"start":{"line":23,"column":19},"end":{"line":23,"column":20}},"loc":{"start":{"line":23,"column":45},"end":{"line":62,"column":1}},"line":23},"2":{"name":"(anonymous_2)","decl":{"start":{"line":65,"column":17},"end":{"line":65,"column":18}},"loc":{"start":{"line":65,"column":43},"end":{"line":78,"column":1}},"line":65},"3":{"name":"(anonymous_3)","decl":{"start":{"line":84,"column":19},"end":{"line":84,"column":20}},"loc":{"start":{"line":84,"column":45},"end":{"line":119,"column":1}},"line":84},"4":{"name":"(anonymous_4)","decl":{"start":{"line":125,"column":22},"end":{"line":125,"column":23}},"loc":{"start":{"line":125,"column":48},"end":{"line":140,"column":1}},"line":125}},"branchMap":{"0":{"loc":{"start":{"line":41,"column":2},"end":{"line":43,"column":3}},"type":"if","locations":[{"start":{"line":41,"column":2},"end":{"line":43,"column":3}},{"start":{},"end":{}}],"line":41},"1":{"loc":{"start":{"line":94,"column":2},"end":{"line":96,"column":3}},"type":"if","locations":[{"start":{"line":94,"column":2},"end":{"line":96,"column":3}},{"start":{},"end":{}}],"line":94},"2":{"loc":{"start":{"line":99,"column":2},"end":{"line":105,"column":3}},"type":"if","locations":[{"start":{"line":99,"column":2},"end":{"line":105,"column":3}},{"start":{"line":101,"column":9},"end":{"line":105,"column":3}}],"line":99},"3":{"loc":{"start":{"line":99,"column":6},"end":{"line":99,"column":58}},"type":"binary-expr","locations":[{"start":{"line":99,"column":6},"end":{"line":99,"column":19}},{"start":{"line":99,"column":23},"end":{"line":99,"column":58}}],"line":99},"4":{"loc":{"start":{"line":101,"column":9},"end":{"line":105,"column":3}},"type":"if","locations":[{"start":{"line":101,"column":9},"end":{"line":105,"column":3}},{"start":{"line":103,"column":9},"end":{"line":105,"column":3}}],"line":101},"5":{"loc":{"start":{"line":101,"column":13},"end":{"line":101,"column":65}},"type":"binary-expr","locations":[{"start":{"line":101,"column":13},"end":{"line":101,"column":27}},{"start":{"line":101,"column":31},"end":{"line":101,"column":65}}],"line":101},"6":{"loc":{"start":{"line":133,"column":2},"end":{"line":135,"column":3}},"type":"if","locations":[{"start":{"line":133,"column":2},"end":{"line":135,"column":3}},{"start":{},"end":{}}],"line":133}},"s":{"0":3,"1":3,"2":3,"3":3,"4":3,"5":0,"6":0,"7":0,"8":0,"9":3,"10":0,"11":0,"12":0,"13":0,"14":0,"15":0,"16":0,"17":0,"18":0,"19":3,"20":1,"21":1,"22":1,"23":0,"24":1,"25":3,"26":3,"27":3,"28":3,"29":3,"30":3,"31":1,"32":2,"33":2,"34":1,"35":1,"36":0,"37":1,"38":2,"39":1,"40":2,"41":3,"42":0,"43":0,"44":0,"45":0,"46":0,"47":0,"48":0,"49":3},"f":{"0":0,"1":0,"2":1,"3":3,"4":0},"b":{"0":[0,0],"1":[1,2],"2":[1,1],"3":[2,1],"4":[0,1],"5":[1,0],"6":[0,0]},"_coverageSchema":"1a1c01bbd47fc00a2c39e90264f33305004495a9","hash":"90f7ea32ca65748fdc8258beae73b75c8ae9a42e"}
}
