TN:
SF:_test-common.js
FN:4,createData
FNF:1
FNH:1
FNDA:23,createData
DA:2,3
DA:6,23
DA:7,23
DA:8,23
DA:9,23
DA:10,23
DA:13,23
DA:21,15
DA:30,15
DA:38,15
DA:47,3
LF:11
LH:11
BRF:0
BRH:0
end_of_record
TN:
SF:app.js
FN:16,(anonymous_0)
FN:22,(anonymous_1)
FNF:2
FNH:1
FNDA:0,(anonymous_0)
FNDA:6,(anonymous_1)
DA:2,3
DA:3,3
DA:4,3
DA:5,3
DA:6,3
DA:8,3
DA:10,3
DA:11,3
DA:12,3
DA:13,3
DA:16,3
DA:17,0
DA:18,0
DA:22,3
DA:23,6
DA:25,6
DA:31,3
LF:17
LH:15
BRDA:23,0,0,6
BRDA:23,0,1,3
BRF:2
BRH:2
end_of_record
TN:
SF:db.js
FNF:0
FNH:0
DA:1,3
DA:5,3
DA:9,3
DA:13,3
DA:15,3
LF:5
LH:5
BRDA:5,0,0,3
BRDA:5,0,1,0
BRF:2
BRH:1
end_of_record
TN:
SF:expressError.js
FN:8,(anonymous_0)
FNF:1
FNH:1
FNDA:3,(anonymous_0)
DA:9,3
DA:10,3
DA:11,3
DA:12,3
DA:16,3
LF:5
LH:5
BRF:0
BRH:0
end_of_record
TN:
SF:routes/companies.js
FN:9,(anonymous_0)
FN:22,(anonymous_1)
FN:56,(anonymous_2)
FN:77,(anonymous_3)
FN:104,(anonymous_4)
FNF:5
FNH:4
FNDA:0,(anonymous_0)
FNDA:1,(anonymous_1)
FNDA:1,(anonymous_2)
FNDA:2,(anonymous_3)
FNDA:2,(anonymous_4)
DA:1,3
DA:2,3
DA:3,3
DA:4,3
DA:6,3
DA:9,3
DA:10,0
DA:11,0
DA:12,0
DA:14,0
DA:22,3
DA:23,1
DA:24,1
DA:26,1
DA:41,1
DA:42,0
DA:48,1
DA:49,1
DA:51,0
DA:56,3
DA:57,1
DA:58,1
DA:59,1
DA:61,1
DA:67,1
DA:69,0
DA:77,3
DA:78,2
DA:79,2
DA:80,2
DA:81,2
DA:88,1
DA:89,1
DA:94,0
DA:96,2
DA:104,3
DA:105,2
DA:106,2
DA:108,2
DA:112,2
DA:113,1
DA:118,1
DA:120,1
DA:124,3
LF:44
LH:36
BRDA:41,0,0,0
BRDA:41,0,1,1
BRDA:88,1,0,1
BRDA:88,1,1,0
BRDA:112,2,0,1
BRDA:112,2,1,1
BRF:6
BRH:4
end_of_record
TN:
SF:routes/industries.js
FN:8,(anonymous_0)
FN:24,(anonymous_1)
FN:41,(anonymous_2)
FNF:3
FNH:0
FNDA:0,(anonymous_0)
FNDA:0,(anonymous_1)
FNDA:0,(anonymous_2)
DA:1,3
DA:2,3
DA:3,3
DA:5,3
DA:8,3
DA:9,0
DA:10,0
DA:17,0
DA:19,0
DA:24,3
DA:25,0
DA:26,0
DA:27,0
DA:33,0
DA:35,0
DA:41,3
DA:42,0
DA:43,0
DA:44,0
DA:45,0
DA:50,0
DA:52,0
DA:56,3
LF:23
LH:8
BRF:0
BRH:0
end_of_record
TN:
SF:routes/invoices.js
FN:8,(anonymous_0)
FN:23,(anonymous_1)
FN:65,(anonymous_2)
FN:84,(anonymous_3)
FN:125,(anonymous_4)
FNF:5
FNH:2
FNDA:0,(anonymous_0)
FNDA:0,(anonymous_1)
FNDA:1,(anonymous_2)
FNDA:3,(anonymous_3)
FNDA:0,(anonymous_4)
DA:1,3
DA:2,3
DA:3,3
DA:5,3
DA:8,3
DA:9,0
DA:10,0
DA:13,0
DA:15,0
DA:23,3
DA:24,0
DA:25,0
DA:26,0
DA:41,0
DA:42,0
DA:45,0
DA:46,0
DA:58,0
DA:60,0
DA:65,3
DA:66,1
DA:67,1
DA:68,1
DA:74,0
DA:76,1
DA:84,3
DA:85,3
DA:86,3
DA:87,3
DA:89,3
DA:94,3
DA:95,1
DA:98,2
DA:99,2
DA:100,1
DA:101,1
DA:102,0
DA:104,1
DA:107,2
DA:115,1
DA:117,2
DA:125,3
DA:126,0
DA:127,0
DA:129,0
DA:133,0
DA:134,0
DA:136,0
DA:138,0
DA:142,3
LF:50
LH:28
BRDA:41,0,0,0
BRDA:41,0,1,0
BRDA:94,1,0,1
BRDA:94,1,1,2
BRDA:99,2,0,1
BRDA:99,2,1,1
BRDA:99,3,0,2
BRDA:99,3,1,1
BRDA:101,4,0,0
BRDA:101,4,1,1
BRDA:101,5,0,1
BRDA:101,5,1,0
BRDA:133,6,0,0
BRDA:133,6,1,0
BRF:14
BRH:8
end_of_record
